<!DOCTYPE html PUBLIC "-//W3C//DTD XHTML 1.1//EN" "https://www.w3.org/TR/xhtml11/DTD/xhtml11.dtd">
<html xmlns="https://www.w3.org/1999/xhtml">
<head>
<meta http-equiv="content-type" content="text/html; charset=UTF-8"/>
<title>TestNG Report</title>
<style type="text/css">table {margin-bottom:10px;border-collapse:collapse;empty-cells:show}th,td {border:1px solid #009;padding:.25em .5em}th {vertical-align:bottom}td {vertical-align:top}table a {font-weight:bold}.stripe td {background-color: #E6EBF9}.num {text-align:right}.passedodd td {background-color: #3F3}.passedeven td {background-color: #0A0}.skippedodd td {background-color: #DDD}.skippedeven td {background-color: #CCC}.failedodd td,.attn {background-color: #F33}.failedeven td,.stripe .attn {background-color: #D00}.stacktrace {white-space:pre;font-family:monospace}.totop {font-size:85%;text-align:center;border-bottom:2px solid #000}.invisible {display:none}</style>
</head>
<body>
<table>
<tr><th>Test</th><th># Passed</th><th># Skipped</th><th># Retried</th><th># Failed</th><th>Time (ms)</th><th>Included Groups</th><th>Excluded Groups</th></tr>
<tr><th colspan="8">Parabank</th></tr>
<tr><td><a href="#t0">Parabank E2E Flow</a></td><td class="num">0</td><td class="num">0</td><td class="num">0</td><td class="num attn">3</td><td class="num">51,138</td><td></td><td></td></tr>
</table>
<table id='summary'><thead><tr><th>Class</th><th>Method</th><th>Start</th><th>Time (ms)</th></tr></thead><tbody><tr><th colspan="4">Parabank</th></tr></tbody><tbody id="t0"><tr><th colspan="4">Parabank E2E Flow &#8212; failed</th></tr><tr class="failedeven"><td rowspan="3">runnerPackage.runner</td><td><a href="#m0">runScenario</a></td><td rowspan="3">1668674299483</td><td rowspan="3">20329</td></tr><tr class="failedeven"><td><a href="#m1">runScenario</a></td></tr><tr class="failedeven"><td><a href="#m2">runScenario</a></td></tr></tbody>
</table>
<h2>Parabank E2E Flow</h2><h3 id="m0">runnerPackage.runner#runScenario</h3><table class="result"><tr class="param"><th>Parameter #1</th><th>Parameter #2</th></tr><tr class="param stripe"><td>&quot;To create CHECKINGS account&quot;</td><td>&quot;To verify account creation of Checkings and Savings Type&quot;</td></tr><tr><th colspan="2">Exception</th></tr><tr><td colspan="2"><div class="stacktrace">java.lang.AssertionError
	at org.junit.Assert.fail(Assert.java:86)
	at org.junit.Assert.fail(Assert.java:95)
	at pages.CreateAccount.verifyCheckingsAccount(CreateAccount.java:148)
	at stepdefinitions.createAccountSteps.in_account_details_section_should_be_present_for_checkings_account(createAccountSteps.java:104)
	at ✽.in Account details section &quot;CHECKING&quot; , &quot;$100.00&quot;, &quot;$100.00&quot; should be present for checkings account(file:///D:/Automation/abc/Parabank/features/createAccount.feature:15)
</div></td></tr></table><p class="totop"><a href="#summary">back to summary</a></p>
<h3 id="m1">runnerPackage.runner#runScenario</h3><table class="result"><tr class="param"><th>Parameter #1</th><th>Parameter #2</th></tr><tr class="param stripe"><td>&quot;To transfer amount from checkings to savings&quot;</td><td>&quot;To verify account creation of Checkings and Savings Type&quot;</td></tr><tr><th colspan="2">Exception</th></tr><tr><td colspan="2"><div class="stacktrace">java.lang.AssertionError
	at org.junit.Assert.fail(Assert.java:86)
	at org.junit.Assert.fail(Assert.java:95)
	at pages.CreateAccount.verifyBillPaymentMessage(CreateAccount.java:340)
	at stepdefinitions.createAccountSteps.user_should_get_bill_payment_complete_message(createAccountSteps.java:207)
	at ✽.user should get BillPaymentComplete message(file:///D:/Automation/abc/Parabank/features/createAccount.feature:39)
</div></td></tr></table><p class="totop"><a href="#summary">back to summary</a></p>
<h3 id="m2">runnerPackage.runner#runScenario</h3><table class="result"><tr class="param"><th>Parameter #1</th><th>Parameter #2</th></tr><tr class="param stripe"><td>&quot;To create SAVINGS account&quot;</td><td>&quot;To verify account creation of Checkings and Savings Type&quot;</td></tr><tr><th colspan="2">Exception</th></tr><tr><td colspan="2"><div class="stacktrace">java.lang.AssertionError
	at org.junit.Assert.fail(Assert.java:86)
	at org.junit.Assert.fail(Assert.java:95)
	at pages.CreateAccount.verifySavingsAccount(CreateAccount.java:220)
	at stepdefinitions.createAccountSteps.in_account_details_section_should_be_present_for_savings_account(createAccountSteps.java:142)
	at ✽.in Account details section &quot;&lt;Account Type&gt;&quot; , &quot;$100.00&quot;, &quot;$100.00&quot; should be present for savings account(file:///D:/Automation/abc/Parabank/features/createAccount.feature:27)
</div></td></tr></table><p class="totop"><a href="#summary">back to summary</a></p>
</body>
</html>
