<?xml version="1.0" encoding="UTF-8"?>
<!-- Generated by org.testng.reporters.JUnitReportReporter -->
<testsuite hostname="DESKTOP-6AUG6SK" failures="3" tests="3" name="runnerPackage.runner" time="49.768" errors="0" timestamp="2022-11-17T14:09:09 IST" skipped="0">
  <testcase classname="runnerPackage.runner" name="runScenario" time="20.329">
    <failure type="java.lang.AssertionError">
      <![CDATA[java.lang.AssertionError
at org.junit.Assert.fail(Assert.java:86)
at org.junit.Assert.fail(Assert.java:95)
at pages.CreateAccount.verifyCheckingsAccount(CreateAccount.java:148)
at stepdefinitions.createAccountSteps.in_account_details_section_should_be_present_for_checkings_account(createAccountSteps.java:104)
at ✽.in Account details section "CHECKING" , "$100.00", "$100.00" should be present for checkings account(file:///D:/Automation/abc/Parabank/features/createAccount.feature:15)
]]>
    </failure>
  </testcase> <!-- runScenario -->
  <system-out/>
  <testcase classname="runnerPackage.runner" name="runScenario" time="11.992">
    <failure type="java.lang.AssertionError">
      <![CDATA[java.lang.AssertionError
at org.junit.Assert.fail(Assert.java:86)
at org.junit.Assert.fail(Assert.java:95)
at pages.CreateAccount.verifyBillPaymentMessage(CreateAccount.java:340)
at stepdefinitions.createAccountSteps.user_should_get_bill_payment_complete_message(createAccountSteps.java:207)
at ✽.user should get BillPaymentComplete message(file:///D:/Automation/abc/Parabank/features/createAccount.feature:39)
]]>
    </failure>
  </testcase> <!-- runScenario -->
  <system-out/>
  <testcase classname="runnerPackage.runner" name="runScenario" time="17.447">
    <failure type="java.lang.AssertionError">
      <![CDATA[java.lang.AssertionError
at org.junit.Assert.fail(Assert.java:86)
at org.junit.Assert.fail(Assert.java:95)
at pages.CreateAccount.verifySavingsAccount(CreateAccount.java:220)
at stepdefinitions.createAccountSteps.in_account_details_section_should_be_present_for_savings_account(createAccountSteps.java:142)
at ✽.in Account details section "<Account Type>" , "$100.00", "$100.00" should be present for savings account(file:///D:/Automation/abc/Parabank/features/createAccount.feature:27)
]]>
    </failure>
  </testcase> <!-- runScenario -->
  <system-out/>
</testsuite> <!-- runnerPackage.runner -->
