<html>
<head>
<title>TestNG:  Parabank E2E Flow</title>
<link href="../testng.css" rel="stylesheet" type="text/css" />
<link href="../my-testng.css" rel="stylesheet" type="text/css" />

<style type="text/css">
.log { display: none;} 
.stack-trace { display: none;} 
</style>
<script type="text/javascript">
<!--
function flip(e) {
  current = e.style.display;
  if (current == 'block') {
    e.style.display = 'none';
    return 0;
  }
  else {
    e.style.display = 'block';
    return 1;
  }
}

function toggleBox(szDivId, elem, msg1, msg2)
{
  var res = -1;  if (document.getElementById) {
    res = flip(document.getElementById(szDivId));
  }
  else if (document.all) {
    // this is the way old msie versions work
    res = flip(document.all[szDivId]);
  }
  if(elem) {
    if(res == 0) elem.innerHTML = msg1; else elem.innerHTML = msg2;
  }

}

function toggleAllBoxes() {
  if (document.getElementsByTagName) {
    d = document.getElementsByTagName('div');
    for (i = 0; i < d.length; i++) {
      if (d[i].className == 'log') {
        flip(d[i]);
      }
    }
  }
}

// -->
</script>

</head>
<body>
<h2 align='center'>Parabank E2E Flow</h2><table border='1' align="center">
<tr>
<td>Tests passed/Failed/Skipped:</td><td>0/3/0</td>
</tr><tr>
<td>Started on:</td><td>Thu Nov 17 14:08:18 IST 2022</td>
</tr>
<tr><td>Total time:</td><td>51 seconds (51138 ms)</td>
</tr><tr>
<td>Included groups:</td><td></td>
</tr><tr>
<td>Excluded groups:</td><td></td>
</tr>
</table><p/>
<small><i>(Hover the method name to see the test class name)</i></small><p/>
<table width='100%' border='1' class='invocation-failed'>
<tr><td colspan='4' align='center'><b>FAILED TESTS</b></td></tr>
<tr><td><b>Test method</b></td>
<td width="30%"><b>Exception</b></td>
<td width="10%"><b>Time (seconds)</b></td>
<td><b>Instance</b></td>
</tr>
<tr>
<td title='runnerPackage.runner.runScenario()'><b>runScenario</b><br>Test class: runnerPackage.runner<br>Test method: Runs Cucumber Scenarios<br>Parameters: "To create CHECKINGS account", "To verify account creation of Checkings and Savings Type"</td>
<td><div><pre>java.lang.AssertionError
	at org.junit.Assert.fail(Assert.java:86)
	at org.junit.Assert.fail(Assert.java:95)
	at pages.CreateAccount.verifyCheckingsAccount(CreateAccount.java:148)
	at stepdefinitions.createAccountSteps.in_account_details_section_should_be_present_for_checkings_account(createAccountSteps.java:104)
	at ?.in Account details section &quot;CHECKING&quot; , &quot;$100.00&quot;, &quot;$100.00&quot; should be present for checkings account(file:///D:/Automation/abc/Parabank/features/createAccount.feature:15)
</pre></div><a href='#' onClick='toggleBox("stack-trace355977028", this, "Click to show all stack frames", "Click to hide stack frames")'>Click to show all stack frames</a>
<div class='stack-trace' id='stack-trace355977028'><pre>java.lang.AssertionError
	at org.junit.Assert.fail(Assert.java:86)
	at org.junit.Assert.fail(Assert.java:95)
	at pages.CreateAccount.verifyCheckingsAccount(CreateAccount.java:148)
	at stepdefinitions.createAccountSteps.in_account_details_section_should_be_present_for_checkings_account(createAccountSteps.java:104)
	at ?.in Account details section &quot;CHECKING&quot; , &quot;$100.00&quot;, &quot;$100.00&quot; should be present for checkings account(file:///D:/Automation/abc/Parabank/features/createAccount.feature:15)
</pre></div></td>
<td>20</td>
<td>runnerPackage.runner@126253fd</td></tr>
<tr>
<td title='runnerPackage.runner.runScenario()'><b>runScenario</b><br>Test class: runnerPackage.runner<br>Test method: Runs Cucumber Scenarios<br>Parameters: "To transfer amount from checkings to savings", "To verify account creation of Checkings and Savings Type"</td>
<td><div><pre>java.lang.AssertionError
	at org.junit.Assert.fail(Assert.java:86)
	at org.junit.Assert.fail(Assert.java:95)
	at pages.CreateAccount.verifyBillPaymentMessage(CreateAccount.java:340)
	at stepdefinitions.createAccountSteps.user_should_get_bill_payment_complete_message(createAccountSteps.java:207)
	at ?.user should get BillPaymentComplete message(file:///D:/Automation/abc/Parabank/features/createAccount.feature:39)
</pre></div><a href='#' onClick='toggleBox("stack-trace1503844182", this, "Click to show all stack frames", "Click to hide stack frames")'>Click to show all stack frames</a>
<div class='stack-trace' id='stack-trace1503844182'><pre>java.lang.AssertionError
	at org.junit.Assert.fail(Assert.java:86)
	at org.junit.Assert.fail(Assert.java:95)
	at pages.CreateAccount.verifyBillPaymentMessage(CreateAccount.java:340)
	at stepdefinitions.createAccountSteps.user_should_get_bill_payment_complete_message(createAccountSteps.java:207)
	at ?.user should get BillPaymentComplete message(file:///D:/Automation/abc/Parabank/features/createAccount.feature:39)
</pre></div></td>
<td>11</td>
<td>runnerPackage.runner@126253fd</td></tr>
<tr>
<td title='runnerPackage.runner.runScenario()'><b>runScenario</b><br>Test class: runnerPackage.runner<br>Test method: Runs Cucumber Scenarios<br>Parameters: "To create SAVINGS account", "To verify account creation of Checkings and Savings Type"</td>
<td><div><pre>java.lang.AssertionError
	at org.junit.Assert.fail(Assert.java:86)
	at org.junit.Assert.fail(Assert.java:95)
	at pages.CreateAccount.verifySavingsAccount(CreateAccount.java:220)
	at stepdefinitions.createAccountSteps.in_account_details_section_should_be_present_for_savings_account(createAccountSteps.java:142)
	at ?.in Account details section &quot;&lt;Account Type&gt;&quot; , &quot;$100.00&quot;, &quot;$100.00&quot; should be present for savings account(file:///D:/Automation/abc/Parabank/features/createAccount.feature:27)
</pre></div><a href='#' onClick='toggleBox("stack-trace1548698416", this, "Click to show all stack frames", "Click to hide stack frames")'>Click to show all stack frames</a>
<div class='stack-trace' id='stack-trace1548698416'><pre>java.lang.AssertionError
	at org.junit.Assert.fail(Assert.java:86)
	at org.junit.Assert.fail(Assert.java:95)
	at pages.CreateAccount.verifySavingsAccount(CreateAccount.java:220)
	at stepdefinitions.createAccountSteps.in_account_details_section_should_be_present_for_savings_account(createAccountSteps.java:142)
	at ?.in Account details section &quot;&lt;Account Type&gt;&quot; , &quot;$100.00&quot;, &quot;$100.00&quot; should be present for savings account(file:///D:/Automation/abc/Parabank/features/createAccount.feature:27)
</pre></div></td>
<td>17</td>
<td>runnerPackage.runner@126253fd</td></tr>
</table><p>
</body>
</html>